\BOOKMARK [1][-]{Doc-Start}{\376\377\004\037\004\100\004\065\004\060\004\074\004\061\004\103\004\073\004\060}{}% 1
\BOOKMARK [1][-]{section.1}{\376\377\004\041\004\072\004\062\004\076\004\067\004\075\004\076\004\071\000\040\004\077\004\100\004\076\004\065\004\072\004\102\000\040\004\062\004\074\004\065\004\101\004\102\004\076\000\040\004\070\004\067\004\076\004\073\004\070\004\100\004\076\004\062\004\060\004\075\004\075\004\113\004\105\000\040\004\073\004\060\004\061\004\076\004\100\004\060\004\102\004\076\004\100\004\075\004\113\004\105}{}% 2
\BOOKMARK [2][-]{subsection.1.1}{\376\377\004\037\004\100\004\076\004\061\004\073\004\065\004\074\004\060}{section.1}% 3
\BOOKMARK [2][-]{subsection.1.2}{\376\377\004\040\004\065\004\072\004\076\004\074\004\065\004\075\004\064\004\060\004\106\004\070\004\117}{section.1}% 4
\BOOKMARK [2][-]{subsection.1.3}{\376\377\004\047\004\102\004\076\000\040\004\115\004\102\004\076\000\040\004\064\004\060\004\121\004\102}{section.1}% 5
\BOOKMARK [2][-]{subsection.1.4}{\376\377\004\037\004\100\004\070\004\074\004\065\004\100\000\040\004\100\004\065\004\060\004\073\004\070\004\067\004\060\004\106\004\070\004\070}{section.1}% 6
\BOOKMARK [2][-]{subsection.1.5}{\376\377\004\020\004\075\004\102\004\070\004\077\004\060\004\102\004\102\004\065\004\100\004\075}{section.1}% 7
\BOOKMARK [1][-]{section.2}{\376\377\004\037\004\076\004\073\004\075\004\113\004\071\000\040\004\070\004\075\004\066\004\065\004\075\004\065\004\100\004\075\004\113\004\071\000\040\004\106\004\070\004\072\004\073\000\040\004\062\000\040\004\072\004\060\004\066\004\064\004\076\004\071\000\040\004\100\004\060\004\061\004\076\004\102\004\065}{}% 8
\BOOKMARK [2][-]{subsection.2.1}{\376\377\004\037\004\100\004\076\004\061\004\073\004\065\004\074\004\060}{section.2}% 9
\BOOKMARK [2][-]{subsection.2.2}{\376\377\004\040\004\065\004\072\004\076\004\074\004\065\004\075\004\064\004\060\004\106\004\070\004\117}{section.2}% 10
\BOOKMARK [2][-]{subsection.2.3}{\376\377\004\047\004\102\004\076\000\040\004\115\004\102\004\076\000\040\004\064\004\060\004\121\004\102}{section.2}% 11
\BOOKMARK [2][-]{subsection.2.4}{\376\377\004\030\004\075\004\101\004\102\004\100\004\103\004\074\004\065\004\075\004\102\004\113}{section.2}% 12
\BOOKMARK [2][-]{subsection.2.5}{\376\377\004\020\004\075\004\102\004\070\004\077\004\060\004\102\004\102\004\065\004\100\004\075}{section.2}% 13
\BOOKMARK [1][-]{section.3}{\376\377\004\041\004\076\004\062\004\100\004\065\004\074\004\065\004\075\004\075\004\113\004\071\000\040\004\102\004\065\004\105\004\075\004\076\004\073\004\076\004\063\004\070\004\107\004\065\004\101\004\072\004\070\004\071\000\040\004\101\004\102\004\065\004\072}{}% 14
\BOOKMARK [2][-]{subsection.3.1}{\376\377\004\037\004\100\004\076\004\061\004\073\004\065\004\074\004\060}{section.3}% 15
\BOOKMARK [2][-]{subsection.3.2}{\376\377\004\040\004\065\004\072\004\076\004\074\004\065\004\075\004\064\004\060\004\106\004\070\004\117}{section.3}% 16
\BOOKMARK [2][-]{subsection.3.3}{\376\377\004\047\004\102\004\076\000\040\004\115\004\102\004\076\000\040\004\064\004\060\004\121\004\102}{section.3}% 17
\BOOKMARK [2][-]{subsection.3.4}{\376\377\004\020\004\075\004\102\004\070\004\077\004\060\004\102\004\102\004\065\004\100\004\075}{section.3}% 18
\BOOKMARK [1][-]{section.4}{\376\377\004\032\004\076\004\064\000-\004\100\004\065\004\062\004\114\004\116\000\040\004\070\000\040\004\077\004\100\004\060\004\072\004\102\004\070\004\072\004\060\000\040\004\072\004\076\004\073\004\073\004\060\004\061\004\076\004\100\004\060\004\106\004\070\004\070}{}% 19
\BOOKMARK [2][-]{subsection.4.1}{\376\377\004\037\004\100\004\076\004\061\004\073\004\065\004\074\004\060}{section.4}% 20
\BOOKMARK [2][-]{subsection.4.2}{\376\377\004\040\004\065\004\072\004\076\004\074\004\065\004\075\004\064\004\060\004\106\004\070\004\117}{section.4}% 21
\BOOKMARK [2][-]{subsection.4.3}{\376\377\004\047\004\102\004\076\000\040\004\115\004\102\004\076\000\040\004\064\004\060\004\121\004\102}{section.4}% 22
\BOOKMARK [2][-]{subsection.4.4}{\376\377\004\037\004\100\004\060\004\072\004\102\004\070\004\107\004\065\004\101\004\072\004\070\004\065\000\040\004\060\004\101\004\077\004\065\004\072\004\102\004\113}{section.4}% 23
\BOOKMARK [1][-]{section.5}{\376\377\004\037\004\060\004\102\004\102\004\065\004\100\004\075\004\113\000\040\004\077\004\100\004\076\004\065\004\072\004\102\004\070\004\100\004\076\004\062\004\060\004\075\004\070\004\117\000\040\004\062\000\040\004\072\004\076\004\075\004\102\004\065\004\072\004\101\004\102\004\065\000\040\004\077\004\100\004\065\004\064\004\074\004\065\004\102\004\075\004\076\004\071\000\040\004\076\004\061\004\073\004\060\004\101\004\102\004\070}{}% 24
\BOOKMARK [2][-]{subsection.5.1}{\376\377\004\037\004\100\004\076\004\061\004\073\004\065\004\074\004\060}{section.5}% 25
\BOOKMARK [2][-]{subsection.5.2}{\376\377\004\040\004\065\004\072\004\076\004\074\004\065\004\075\004\064\004\060\004\106\004\070\004\117}{section.5}% 26
\BOOKMARK [2][-]{subsection.5.3}{\376\377\004\037\004\100\004\070\004\074\004\065\004\100\004\113\000\040\004\070\004\067\000\040\004\072\004\103\004\100\004\101\004\060\000-\004\076\004\061\004\100\004\060\004\067\004\106\004\060\000\040\000\050\000C\000+\000+\000/\000C\000U\000D\000A\000\051}{section.5}% 27
\BOOKMARK [2][-]{subsection.5.4}{\376\377\004\037\004\100\004\070\004\074\004\065\004\100\004\113\000\040\004\064\004\073\004\117\000\040\004\064\004\100\004\103\004\063\004\070\004\105\000\040\004\117\004\067\004\113\004\072\004\076\004\062\000\040\004\070\000\040\004\064\004\076\004\074\004\065\004\075\004\076\004\062}{section.5}% 28
\BOOKMARK [2][-]{subsection.5.5}{\376\377\004\047\004\102\004\076\000\040\004\115\004\102\004\076\000\040\004\064\004\060\004\121\004\102}{section.5}% 29
\BOOKMARK [1][-]{section.6}{\376\377\004\036\004\102\004\072\004\100\004\113\004\102\004\076\004\101\004\102\004\114\000\040\004\070\000\040\004\077\004\100\004\076\004\067\004\100\004\060\004\107\004\075\004\076\004\101\004\102\004\114\000\040\004\074\004\060\004\102\004\065\004\100\004\070\004\060\004\073\004\076\004\062}{}% 30
\BOOKMARK [2][-]{subsection.6.1}{\376\377\004\037\004\100\004\076\004\061\004\073\004\065\004\074\004\060}{section.6}% 31
\BOOKMARK [2][-]{subsection.6.2}{\376\377\004\040\004\065\004\072\004\076\004\074\004\065\004\075\004\064\004\060\004\106\004\070\004\117}{section.6}% 32
\BOOKMARK [2][-]{subsection.6.3}{\376\377\004\047\004\102\004\076\000\040\004\115\004\102\004\076\000\040\004\064\004\060\004\121\004\102}{section.6}% 33
\BOOKMARK [2][-]{subsection.6.4}{\376\377\004\020\004\072\004\060\004\064\004\065\004\074\004\070\004\107\004\065\004\101\004\072\004\060\004\117\000\040\004\107\004\065\004\101\004\102\004\075\004\076\004\101\004\102\004\114}{section.6}% 34
\BOOKMARK [2][-]{subsection.6.5}{\376\377\004\020\004\075\004\102\004\070\004\077\004\060\004\102\004\102\004\065\004\100\004\075}{section.6}% 35
\BOOKMARK [1][-]{section.7}{\376\377\004\037\004\100\004\070\004\072\004\073\004\060\004\064\004\075\004\076\004\071\000\040\004\072\004\076\004\075\004\102\004\065\004\072\004\101\004\102}{}% 36
\BOOKMARK [2][-]{subsection.7.1}{\376\377\004\037\004\100\004\076\004\061\004\073\004\065\004\074\004\060}{section.7}% 37
\BOOKMARK [2][-]{subsection.7.2}{\376\377\004\040\004\065\004\072\004\076\004\074\004\065\004\075\004\064\004\060\004\106\004\070\004\117}{section.7}% 38
\BOOKMARK [2][-]{subsection.7.3}{\376\377\004\037\004\100\004\070\004\074\004\065\004\100\004\113}{section.7}% 39
\BOOKMARK [2][-]{subsection.7.4}{\376\377\004\047\004\102\004\076\000\040\004\115\004\102\004\076\000\040\004\064\004\060\004\121\004\102}{section.7}% 40
\BOOKMARK [2][-]{subsection.7.5}{\376\377\004\020\004\075\004\102\004\070\004\077\004\060\004\102\004\102\004\065\004\100\004\075}{section.7}% 41
\BOOKMARK [1][-]{section.8}{\376\377\004\057\004\062\004\075\004\113\004\065\000\040\004\077\004\100\004\065\004\100\004\065\004\072\004\062\004\070\004\067\004\070\004\102\004\113\000\040\004\070\000\040\004\103\004\077\004\100\004\060\004\062\004\073\004\065\004\075\004\070\004\065\000\040\004\062\004\105\004\076\004\064\004\075\004\113\004\074\000\040\004\077\004\076\004\100\004\076\004\063\004\076\004\074}{}% 42
\BOOKMARK [2][-]{subsection.8.1}{\376\377\004\037\004\100\004\076\004\061\004\073\004\065\004\074\004\060}{section.8}% 43
\BOOKMARK [2][-]{subsection.8.2}{\376\377\004\040\004\065\004\072\004\076\004\074\004\065\004\075\004\064\004\060\004\106\004\070\004\117}{section.8}% 44
\BOOKMARK [2][-]{subsection.8.3}{\376\377\004\037\004\100\004\070\004\074\004\065\004\100}{section.8}% 45
\BOOKMARK [2][-]{subsection.8.4}{\376\377\004\047\004\102\004\076\000\040\004\115\004\102\004\076\000\040\004\064\004\060\004\121\004\102}{section.8}% 46
\BOOKMARK [2][-]{subsection.8.5}{\376\377\004\020\004\075\004\102\004\070\004\077\004\060\004\102\004\102\004\065\004\100\004\075}{section.8}% 47
\BOOKMARK [1][-]{section.9}{\376\377\004\032\004\076\004\075\004\102\004\060\004\072\004\102\000\040\004\101\000\040\004\100\004\065\004\060\004\073\004\114\004\075\004\113\004\074\000\040\004\076\004\061\004\076\004\100\004\103\004\064\004\076\004\062\004\060\004\075\004\070\004\065\004\074\000\040\004\070\000\040\004\070\004\075\004\104\004\100\004\060\004\101\004\102\004\100\004\103\004\072\004\102\004\103\004\100\004\076\004\071}{}% 48
\BOOKMARK [2][-]{subsection.9.1}{\376\377\004\037\004\100\004\076\004\061\004\073\004\065\004\074\004\060}{section.9}% 49
\BOOKMARK [2][-]{subsection.9.2}{\376\377\004\040\004\065\004\072\004\076\004\074\004\065\004\075\004\064\004\060\004\106\004\070\004\117}{section.9}% 50
\BOOKMARK [2][-]{subsection.9.3}{\376\377\004\032\004\060\004\072\000\040\004\077\004\076\004\073\004\103\004\107\004\070\004\102\004\114\000\040\004\100\004\065\004\101\004\103\004\100\004\101\004\113}{section.9}% 51
\BOOKMARK [2][-]{subsection.9.4}{\376\377\004\037\004\100\004\060\004\072\004\102\004\070\004\107\004\065\004\101\004\072\004\070\004\065\000\040\004\060\004\101\004\077\004\065\004\072\004\102\004\113}{section.9}% 52
\BOOKMARK [2][-]{subsection.9.5}{\376\377\004\047\004\102\004\076\000\040\004\115\004\102\004\076\000\040\004\064\004\060\004\121\004\102}{section.9}% 53
\BOOKMARK [2][-]{subsection.9.6}{\376\377\004\020\004\075\004\102\004\070\004\077\004\060\004\102\004\102\004\065\004\100\004\075}{section.9}% 54
\BOOKMARK [1][-]{section.10}{\376\377\004\034\004\060\004\101\004\110\004\102\004\060\004\061\004\070\004\100\004\103\004\065\004\074\004\076\004\101\004\102\004\114\000\040\004\070\000\040\004\060\004\062\004\102\004\076\004\074\004\060\004\102\004\070\004\067\004\060\004\106\004\070\004\117}{}% 55
\BOOKMARK [2][-]{subsection.10.1}{\376\377\004\037\004\100\004\076\004\061\004\073\004\065\004\074\004\060}{section.10}% 56
\BOOKMARK [2][-]{subsection.10.2}{\376\377\004\040\004\065\004\072\004\076\004\074\004\065\004\075\004\064\004\060\004\106\004\070\004\117}{section.10}% 57
\BOOKMARK [2][-]{subsection.10.3}{\376\377\004\047\004\102\004\076\000\040\004\115\004\102\004\076\000\040\004\064\004\060\004\121\004\102}{section.10}% 58
\BOOKMARK [1][-]{section.11}{\376\377\004\040\004\065\004\063\004\103\004\073\004\117\004\100\004\075\004\076\004\065\000\040\004\076\004\061\004\075\004\076\004\062\004\073\004\065\004\075\004\070\004\065\000\040\004\101\004\076\004\064\004\065\004\100\004\066\004\060\004\075\004\070\004\117}{}% 59
\BOOKMARK [2][-]{subsection.11.1}{\376\377\004\037\004\100\004\076\004\061\004\073\004\065\004\074\004\060}{section.11}% 60
\BOOKMARK [2][-]{subsection.11.2}{\376\377\004\040\004\065\004\072\004\076\004\074\004\065\004\075\004\064\004\060\004\106\004\070\004\117}{section.11}% 61
\BOOKMARK [2][-]{subsection.11.3}{\376\377\004\047\004\102\004\076\000\040\004\115\004\102\004\076\000\040\004\064\004\060\004\121\004\102}{section.11}% 62
\BOOKMARK [2][-]{subsection.11.4}{\376\377\004\020\004\075\004\102\004\070\004\077\004\060\004\102\004\102\004\065\004\100\004\075}{section.11}% 63
\BOOKMARK [1][-]{section.12}{\376\377\004\032\004\076\004\074\004\060\004\075\004\064\004\075\004\060\004\117\000\040\004\100\004\060\004\061\004\076\004\102\004\060\000\040\004\070\000\040\004\072\004\076\004\074\004\074\004\103\004\075\004\070\004\072\004\060\004\106\004\070\004\117}{}% 64
\BOOKMARK [2][-]{subsection.12.1}{\376\377\004\037\004\100\004\076\004\061\004\073\004\065\004\074\004\060}{section.12}% 65
\BOOKMARK [2][-]{subsection.12.2}{\376\377\004\040\004\065\004\072\004\076\004\074\004\065\004\075\004\064\004\060\004\106\004\070\004\117}{section.12}% 66
\BOOKMARK [2][-]{subsection.12.3}{\376\377\004\047\004\102\004\076\000\040\004\115\004\102\004\076\000\040\004\064\004\060\004\121\004\102}{section.12}% 67
\BOOKMARK [1][-]{section.13}{\376\377\004\036\004\106\004\065\004\075\004\072\004\060\000\040\004\115\004\104\004\104\004\065\004\072\004\102\004\070\004\062\004\075\004\076\004\101\004\102\004\070\000\040\004\072\004\103\004\100\004\101\004\060}{}% 68
\BOOKMARK [2][-]{subsection.13.1}{\376\377\004\037\004\100\004\076\004\061\004\073\004\065\004\074\004\060}{section.13}% 69
\BOOKMARK [2][-]{subsection.13.2}{\376\377\004\040\004\065\004\072\004\076\004\074\004\065\004\075\004\064\004\060\004\106\004\070\004\117}{section.13}% 70
\BOOKMARK [2][-]{subsection.13.3}{\376\377\004\047\004\102\004\076\000\040\004\115\004\102\004\076\000\040\004\064\004\060\004\121\004\102}{section.13}% 71
\BOOKMARK [1][-]{section.14}{\376\377\004\047\004\065\004\072\000-\004\073\004\070\004\101\004\102\000\040\004\101\004\060\004\074\004\076\004\077\004\100\004\076\004\062\004\065\004\100\004\072\004\070\000\040\004\064\004\073\004\117\000\040\004\077\004\100\004\065\004\077\004\076\004\064\004\060\004\062\004\060\004\102\004\065\004\073\004\117}{}% 72
\BOOKMARK [2][-]{subsection.14.1}{\376\377\004\032\004\100\004\070\004\102\004\070\004\107\004\065\004\101\004\072\004\070\000\040\004\062\004\060\004\066\004\075\004\076}{section.14}% 73
\BOOKMARK [2][-]{subsection.14.2}{\376\377\004\022\004\060\004\066\004\075\004\076}{section.14}% 74
\BOOKMARK [2][-]{subsection.14.3}{\376\377\004\026\004\065\004\073\004\060\004\102\004\065\004\073\004\114\004\075\004\076}{section.14}% 75
\BOOKMARK [1][-]{table.9}{\376\377\004\027\004\060\004\072\004\073\004\116\004\107\004\065\004\075\004\070\004\065}{}% 76
